make all --print-data-base --no-builtin-variables --no-builtin-rules --question
# GNU Make 4.3
# Built for x86_64-pc-linux-gnu
# Copyright (C) 1988-2020 Free Software Foundation, Inc.
# License GPLv3+: GNU GPL version 3 or later <http://gnu.org/licenses/gpl.html>
# This is free software: you are free to change and redistribute it.
# There is NO WARRANTY, to the extent permitted by law.

# Make data base, printed on Wed Jul 27 19:26:01 2022

# Variables

# environment
GDK_BACKEND = x11
# environment
LC_ALL = C
# environment
GNOME_SHELL_SESSION_MODE = ubuntu
# environment
SSH_AGENT_LAUNCHER = gnome-keyring
# environment
GJS_DEBUG_OUTPUT = stderr
# makefile (from 'Makefile', line 4)
MANDATORY_PATH = ./mandatory_srcs
# environment
LC_NAME = pt_BR.UTF-8
# environment
LC_NUMERIC = pt_BR.UTF-8
# environment
VSCODE_CWD = /home/brunobonaldi
# environment
WINDOWPATH = 2
# environment
LC_ADDRESS = pt_BR.UTF-8
# default
MAKE_COMMAND := make
# environment
QT_ACCESSIBILITY = 1
# automatic
@D = $(patsubst %/,%,$(dir $@))
# environment
VSCODE_HANDLES_UNCAUGHT_ERRORS = true
# default
.VARIABLES := 
# environment
PWD = /media/brunobonaldi/Seagate Expansion Drive1/Programming-Study/42 Sao Paulo/42projects/02-pipex/pipexp
# automatic
%D = $(patsubst %/,%,$(dir $%))
# makefile (from 'Makefile', line 9)
LIBFT_FULL_PATH = $(addprefix $(SRCS_LIBFT_PATH),$(LIBFT))
# environment
LSCOLORS = Gxfxcxdxbxegedabagacad
# environment
XDG_DATA_DIRS = /usr/share/ubuntu:/usr/share/gnome:/home/brunobonaldi/.local/share/flatpak/exports/share:/var/lib/flatpak/exports/share:/usr/local/share/:/usr/share/:/var/lib/snapd/desktop
# environment
OLDPWD = /home/brunobonaldi
# automatic
^D = $(patsubst %/,%,$(dir $^))
# automatic
%F = $(notdir $%)
# environment
VSCODE_CODE_CACHE_PATH = /home/brunobonaldi/.config/Code/CachedData/3b889b090b5ad5793f524b5d1d39fda662b96a2a
# makefile (from 'Makefile', line 8)
LIBFT = libft.a
# environment
LANG = C
# environment
SPACESHIP_VERSION = 3.16.5
# environment
XAUTHORITY = /run/user/1001/gdm/Xauthority
# default
.LOADED := 
# default
.INCLUDE_DIRS = /usr/local/include /usr/include /usr/include
# makefile
MAKEFLAGS = pqrR
# makefile
CURDIR := /media/brunobonaldi/Seagate Expansion Drive1/Programming-Study/42 Sao Paulo/42projects/02-pipex/pipexp
# environment
APPLICATION_INSIGHTS_NO_DIAGNOSTIC_CHANNEL = 1
# makefile (from 'Makefile', line 1)
SRCS = pipex.c
# automatic
*D = $(patsubst %/,%,$(dir $*))
# environment
MFLAGS = -pqrR
# environment
SSH_AUTH_SOCK = /run/user/1001/keyring/ssh
# default
.SHELLFLAGS := -c
# environment
XDG_CONFIG_DIRS = /etc/xdg/xdg-ubuntu:/etc/xdg
# automatic
+D = $(patsubst %/,%,$(dir $+))
# environment
XDG_SESSION_DESKTOP = ubuntu
# makefile (from 'Makefile', line 1)
MAKEFILE_LIST := Makefile
# automatic
@F = $(notdir $@)
# environment
ZSH = /home/brunobonaldi/.oh-my-zsh
# environment
VSCODE_PID = 14121
# environment
XDG_SESSION_TYPE = x11
# automatic
?D = $(patsubst %/,%,$(dir $?))
# makefile (from 'Makefile', line 11)
INCLUDES = -I$(SRCS_LIBFT_PATH)includes -I$(SRCS_LIBFT_PATH) -I$(addprefix $(MANDATORY_PATH)/, includes)
# environment
SESSION_MANAGER = local/brunobonaldi:@/tmp/.ICE-unix/3811,unix/brunobonaldi:/tmp/.ICE-unix/3811
# automatic
*F = $(notdir $*)
# makefile (from 'Makefile', line 7)
SRCS_LIBFT_PATH = ./libft/
# environment
CHROME_DESKTOP = code-url-handler.desktop
# environment
DBUS_SESSION_BUS_ADDRESS = unix:path=/run/user/1001/bus
# automatic
<D = $(patsubst %/,%,$(dir $<))
# environment
VSCODE_NLS_CONFIG = {"locale":"en-us","availableLanguages":{},"_languagePackSupport":true}
# default
MAKE_HOST := x86_64-pc-linux-gnu
# makefile (from 'Makefile', line 2)
OBJS = $(SRCS:.c=.o)
# environment
GNOME_DESKTOP_SESSION_ID = this-is-deprecated
# makefile
SHELL = /bin/sh
# default
MAKECMDGOALS := all
# environment
XMODIFIERS = @im=ibus
# environment
GJS_DEBUG_TOPICS = JS ERROR;JS LOG
# environment
SHLVL = 0
# environment
MAKELEVEL := 0
# default
MAKE = $(MAKE_COMMAND)
# environment
PATH = /home/brunobonaldi/.local/bin:/usr/local/sbin:/usr/local/bin:/usr/sbin:/usr/bin:/sbin:/bin:/usr/games:/usr/local/games:/snap/bin:/snap/bin
# environment
SPACESHIP_ROOT = /home/brunobonaldi/.oh-my-zsh/custom/themes/spaceship-prompt
# default
MAKEFILES := 
# environment
LANGUAGE = en_US:
# environment
LC_MONETARY = pt_BR.UTF-8
# automatic
^F = $(notdir $^)
# environment
LC_TIME = pt_BR.UTF-8
# environment
INVOCATION_ID = 0b072c7c9b044f0a86e5e34366e83de3
# environment
USERNAME = brunobonaldi
# environment
LC_TELEPHONE = pt_BR.UTF-8
# automatic
?F = $(notdir $?)
# makefile (from 'Makefile', line 5)
NAME = pipex
# environment
XDG_CURRENT_DESKTOP = Unity
# environment
LS_COLORS = 
# automatic
+F = $(notdir $+)
# environment
LESS = -R
# environment
DESKTOP_SESSION = ubuntu
# environment
ORIGINAL_XDG_CURRENT_DESKTOP = ubuntu:GNOME
# 'override' directive
GNUMAKEFLAGS := 
# environment
LOGNAME = brunobonaldi
# environment
GIO_LAUNCHED_DESKTOP_FILE = /usr/share/applications/code.desktop
# makefile
.DEFAULT_GOAL := all
# environment
SYSTEMD_EXEC_PID = 3831
# makefile (from 'Makefile', line 15)
RM = rm -rf
# environment
DISPLAY = :1
# environment
USER = brunobonaldi
# environment
GTK_MODULES = gail:atk-bridge
# default
MAKE_VERSION := 4.3
# environment
MANAGERPID = 3544
# environment
DESKTOP_MODE = 1
# environment
LC_MEASUREMENT = pt_BR.UTF-8
# environment
GIO_LAUNCHED_DESKTOP_FILE_PID = 14121
# environment
PAGER = less
# environment
_ = /usr/share/code/code
# environment
LC_PAPER = pt_BR.UTF-8
# environment
XDG_RUNTIME_DIR = /run/user/1001
# makefile (from 'Makefile', line 14)
CFLAGS = -Wall -Wextra -Werror -g
# environment
GPG_AGENT_INFO = /run/user/1001/gnupg/S.gpg-agent:0:1
# environment
LC_CTYPE = pt_BR.UTF-8
# environment
JOURNAL_STREAM = 8:41329
# environment
XDG_SESSION_CLASS = user
# environment
VSCODE_AMD_ENTRYPOINT = vs/workbench/api/node/extensionHostProcess
# environment
HOME = /home/brunobonaldi
# environment
QT_IM_MODULE = ibus
# environment
ELECTRON_RUN_AS_NODE = 1
# environment
VSCODE_IPC_HOOK = /run/user/1001/vscode-235d5238-1.69.2-main.sock
# environment
IM_CONFIG_PHASE = 1
# default
.RECIPEPREFIX := 
# automatic
<F = $(notdir $<)
# default
SUFFIXES := 
# default
.FEATURES := target-specific order-only second-expansion else-if shortest-stem undefine oneshell nocomment grouped-target extra-prereqs archives jobserver output-sync check-symlink load
# makefile (from 'Makefile', line 13)
CC = gcc
# environment
XDG_MENU_PREFIX = gnome-
# environment
GDMSESSION = ubuntu
# environment
LC_IDENTIFICATION = pt_BR.UTF-8
# variable set hash-table stats:
# Load=121/1024=12%, Rehash=0, Collisions=6/170=4%

# Pattern-specific Variable Values

# No pattern-specific variable values.

# Directories

# . (device 2049, inode 210235): 10 files, no impossibilities.

# 10 files, no impossibilities in 1 directories.

# Implicit Rules

%.o: %.c
#  recipe to execute (from 'Makefile', line 18):
	$(CC) $(CFLAGS) $(INCLUDES) -O3 -c $< -o $@

# 1 implicit rules, 0 (0.0%) terminal.
# Files

# Not a target:
Makefile:
#  Implicit rule search has been done.
#  Last modified 2022-07-26 23:14:33.5571149
#  File has been updated.
#  Successfully updated.

pipex: pipex.o
#  Implicit rule search has not been done.
 
#  Last modified 2022-07-26 23:16:29.0545496
#  File has been updated.
#  Needs to be updated (-q is set).
# variable set hash-table stats:
# Load=0/32=0%, Rehash=0, Collisions=0/9=0%
#  recipe to execute (from 'Makefile', line 29):
	@tput setaf 2
	@echo COMPILING PIPEX
	$(CC) $(CFLAGS) $(OBJS) $(LIBFT) -o $(NAME)

libft/libft.a:
#  Implicit rule search has not been done.
#  Last modified 2022-07-26 23:15:55.0937453
#  File has been updated.
#  Successfully updated.
#  recipe to execute (from 'Makefile', line 23):
	@tput setaf 4
	@echo COMPILING LIBFT
	make bonus -C $(SRCS_LIBFT_PATH)
	cp $(LIBFT_FULL_PATH) ./

clean:
#  Phony target (prerequisite of .PHONY).
#  Implicit rule search has not been done.
#  File does not exist.
#  File has not been updated.
#  recipe to execute (from 'Makefile', line 34):
	make clean -C $(SRCS_LIBFT_PATH)
	$(RM) $(OBJS) $(OBJS_BONUS)

re: fclean all
#  Phony target (prerequisite of .PHONY).
#  Implicit rule search has not been done.
#  File does not exist.
#  File has not been updated.

pipex.o: pipex.c
#  Implicit rule search has been done.
#  Implicit/static pattern stem: 'pipex'
#  Last modified 2022-07-26 23:16:28.9958377
#  File has been updated.
#  Needs to be updated (-q is set).
# automatic
# @ := pipex.o
# automatic
# * := pipex
# automatic
# < := pipex.c
# automatic
# + := pipex.c
# automatic
# % := 
# automatic
# ^ := pipex.c
# automatic
# ? := pipex.c
# automatic
# | := 
# variable set hash-table stats:
# Load=8/32=25%, Rehash=0, Collisions=2/19=11%
#  recipe to execute (from 'Makefile', line 18):
	$(CC) $(CFLAGS) $(INCLUDES) -O3 -c $< -o $@

# Not a target:
.DEFAULT:
#  Implicit rule search has not been done.
#  Modification time never checked.
#  File has not been updated.

all: libft/libft.a pipex
#  Phony target (prerequisite of .PHONY).
#  Command line target.
#  Implicit rule search has not been done.
#  File does not exist.
#  File has been updated.
#  Needs to be updated (-q is set).
# variable set hash-table stats:
# Load=0/32=0%, Rehash=0, Collisions=0/9=0%

fclean: clean
#  Phony target (prerequisite of .PHONY).
#  Implicit rule search has not been done.
#  File does not exist.
#  File has not been updated.
#  recipe to execute (from 'Makefile', line 38):
	make fclean -C $(SRCS_LIBFT_PATH)
	$(RM) $(NAME) $(NAME_BONUS) $(LIBFT)

.PHONY: all clean fclean re
#  Implicit rule search has not been done.
#  Modification time never checked.
#  File has not been updated.

# Not a target:
pipex.c:
#  Implicit rule search has been done.
#  Last modified 2022-07-26 23:18:12.0918913
#  File has been updated.
#  Successfully updated.

# files hash-table stats:
# Load=12/1024=1%, Rehash=0, Collisions=0/38=0%
# VPATH Search Paths

# No 'vpath' search paths.

# No general ('VPATH' variable) search path.

# strcache buffers: 1 (0) / strings = 22 / storage = 173 B / avg = 7 B
# current buf: size = 8162 B / used = 173 B / count = 22 / avg = 7 B

# strcache performance: lookups = 48 / hit rate = 54%
# hash-table stats:
# Load=22/8192=0%, Rehash=0, Collisions=0/48=0%
# Finished Make data base on Wed Jul 27 19:26:01 2022

 
